
--- Job historical+_run.gms Start 05/08/22 23:03:25 35.1.0 r82a9585 WEX-WEI x86 64bit/MS Windows
--- Applying:
    C:\GAMS\35\gmsprmNT.txt
--- GAMS Parameters defined
    Input C:\Users\vitoa\OneDrive\Desktop\Work\Matlab-GAMS\FinalTake\01\Historic+_TleftGen\historical+_run.gms
    PageWidth 80
    PageSize 0
    PageContr 3
    Action CE
    ScrDir C:\Users\vitoa\OneDrive\Desktop\Work\Matlab-GAMS\FinalTake\01\Historic+_TleftGen\225a\
    SysDir C:\GAMS\35\
    WorkDir C:\Users\vitoa\OneDrive\Desktop\Work\Matlab-GAMS\FinalTake\01\Historic+_TleftGen\
    LogOption 3
    DFormat 0
    TFormat 0
    ErrorLog 99
    IDE 1
    GDX C:\Users\vitoa\OneDrive\Desktop\Work\Matlab-GAMS\FinalTake\01\Historic+_TleftGen\historical+.gdx
Licensee: Large MUD - 20 User License                    S190529/0001AL-WIN
          Universitaet Hamburg, Exzellenzcluster CliSAP              DC5860
          C:\GAMS\35\gamslice.txt
GAMS 35.1.0   Copyright (C) 1987-2021 GAMS Development. All rights reserved
--- Starting compilation
--- historical+_run.gms(37) 3 Mb
--- . Emissions.inc(257) 3 Mb
--- historical+_run.gms(183) 3 Mb
--- Starting execution: elapsed 0:00:00.082
--- historical+_run.gms(439) 4 Mb
--- Generating NLP model unfair
--- historical+_run.gms(440) 7 Mb
---   3,772 rows  3,781 columns  11,814 non-zeroes
---   23,492 nl-code  2,764 nl-non-zeroes
--- historical+_run.gms(440) 5 Mb
--- Executing CONOPT3 (Solvelink=2): elapsed 0:00:00.098

CONOPT 3         35.1.0 r82a9585 Released Apr 29, 2021 WEI x86 64bit/MS Window

 
 
    C O N O P T 3   version 3.17K
    Copyright (C)   ARKI Consulting and Development A/S
                    Bagsvaerdvej 246 A
                    DK-2880 Bagsvaerd, Denmark
 
 
   Iter Phase Ninf   Infeasibility   RGmax    NSB   Step InItr MX OK
      0   0        8.5896839277E+04 (Input point)
 
                   Pre-triangular equations:   3772
                   Post-triangular equations:  0
 
      1   0        0.0000000000E+00 (After pre-processing)
      2   0        0.0000000000E+00 (After scaling)
 
 ** Feasible solution. Value of objective =    42.0000000000
 
   Iter Phase Ninf     Objective     RGmax    NSB   Step InItr MX OK
      3   3        4.2000000000E+01 0.0E+00     0 0.0E+00    0 F  T
      4   3        4.2000000000E+01 0.0E+00     0
 
 ** Optimal solution. There are no superbasic variables.
 
--- Reading solution for model unfair
--- GDX File C:\Users\vitoa\OneDrive\Desktop\Work\Matlab-GAMS\FinalTake\01\Historic+_TleftGen\historical+.gdx
*** Status: Normal completion
--- Job historical+_run.gms Stop 05/08/22 23:03:26 elapsed 0:00:00.528
