
--- Job Rcp6ConcToEmissionRun.gms Start 05/09/22 14:08:44 35.1.0 r82a9585 WEX-WEI x86 64bit/MS Windows
--- Applying:
    C:\GAMS\35\gmsprmNT.txt
--- GAMS Parameters defined
    Input C:\Users\vitoa\OneDrive\Desktop\Work\Matlab-GAMS\FinalTake\01\GreenGen\CO2Conc_input\Pulse2020\ConcentrationsToEmissions\Rcp6ConcToEmissionRun.gms
    PageWidth 80
    PageSize 0
    PageContr 3
    Action CE
    ScrDir C:\Users\vitoa\OneDrive\Desktop\Work\Matlab-GAMS\FinalTake\01\GreenGen\CO2Conc_input\Pulse2020\ConcentrationsToEmissions\225a\
    SysDir C:\GAMS\35\
    WorkDir C:\Users\vitoa\OneDrive\Desktop\Work\Matlab-GAMS\FinalTake\01\GreenGen\CO2Conc_input\Pulse2020\ConcentrationsToEmissions\
    LogOption 3
    DFormat 0
    TFormat 0
    ErrorLog 99
    IDE 1
    GDX C:\Users\vitoa\OneDrive\Desktop\Work\Matlab-GAMS\FinalTake\01\GreenGen\CO2Conc_input\Pulse2020\ConcentrationsToEmissions\constconc2020-2101run.gdx
Licensee: Large MUD - 20 User License                    S190529/0001AL-WIN
          Universitaet Hamburg, Exzellenzcluster CliSAP              DC5860
          C:\GAMS\35\gamslice.txt
GAMS 35.1.0   Copyright (C) 1987-2021 GAMS Development. All rights reserved
--- Starting compilation
--- Rcp6ConcToEmissionRun.gms(37) 3 Mb
--- . ConcentrationInput.inc(257) 3 Mb
--- Rcp6ConcToEmissionRun.gms(182) 3 Mb
--- Starting execution: elapsed 0:00:00.011
--- Rcp6ConcToEmissionRun.gms(438) 4 Mb
--- Generating NLP model unfair
--- Rcp6ConcToEmissionRun.gms(439) 7 Mb
---   3,772 rows  3,780 columns  12,566 non-zeroes
---   27,620 nl-code  3,516 nl-non-zeroes
--- Rcp6ConcToEmissionRun.gms(439) 5 Mb
--- Executing CONOPT3 (Solvelink=2): elapsed 0:00:00.025

CONOPT 3         35.1.0 r82a9585 Released Apr 29, 2021 WEI x86 64bit/MS Window

 
 
    C O N O P T 3   version 3.17K
    Copyright (C)   ARKI Consulting and Development A/S
                    Bagsvaerdvej 246 A
                    DK-2880 Bagsvaerd, Denmark
 
 
   Iter Phase Ninf   Infeasibility   RGmax    NSB   Step InItr MX OK
      0   0        1.5748551717E+04 (Input point)
 
                   Pre-triangular equations:   1513
                   Post-triangular equations:  0
                   Definitional equations:     1506
 
      1   0        1.5461409695E+04 (After pre-processing)
      2   0        4.2768746403E+02 (After scaling)
      3   1   499  3.7396474257E+02 5.6E+00    50 1.0E+00    3 T  T
      4   1   490  3.5298570140E+02 5.1E+00    47 1.0E+00    9 T  T
      5   1   477  3.3479900657E+02 3.4E+00    38 1.0E+00   13 T  T
      6   1   459  3.1812502531E+02 2.2E+00    25 1.0E+00   18 T  T
      7   1   436  3.0800589656E+02 3.9E+00    57 1.0E+00   23 T  T
      8   1   406  3.0648015569E+02 1.5E+00    34 1.0E+00   30 T  T
      9   1   377  2.9889085168E+02 1.5E+00    54 1.0E+00   29 T  T
 
   Iter Phase Ninf   Infeasibility   RGmax    NSB   Step InItr MX OK
     10   1   345  2.7122672989E+02 1.4E+00    75 1.0E+00   32 T  T
     11   1   304  2.6388196739E+02 1.2E+00    44 1.0E+00   41 T  T
     12   1   262  2.5333995273E+02 1.2E+00    59 1.0E+00   42 T  T
     13   1   217  2.4203579514E+02 1.1E+00    67 1.0E+00   45 T  T
     14   1   167  1.8912618364E+02 1.0E+00    72 1.0E+00   50 T  T
     15   1   166  7.3337521415E+01 7.3E-01    72 1.0E+00   55 T  T
     16   1    98  6.9492103128E+01 2.5E+00    71 1.0E+00   68 T  T
     17   1    97  1.2788280279E+00 1.3E+00    96 9.7E-01   54 T  T
     18   1    32  3.6210053567E-01 5.4E-01    95 1.0E+00   65 T  T
     19   1     1  3.4954355405E-03 9.9E-02    32 1.0E+00   31 T  T
 
 ** Feasible solution. Value of objective =    42.0000000000
 
   Iter Phase Ninf     Objective     RGmax    NSB   Step InItr MX OK
     20   3        4.2000000000E+01 0.0E+00     0
 
 ** Optimal solution. There are no superbasic variables.
 
--- Reading solution for model unfair
--- GDX File C:\Users\vitoa\OneDrive\Desktop\Work\Matlab-GAMS\FinalTake\01\GreenGen\CO2Conc_input\Pulse2020\ConcentrationsToEmissions\constconc2020-2101run.gdx
*** Status: Normal completion
--- Job Rcp6ConcToEmissionRun.gms Stop 05/09/22 14:08:44 elapsed 0:00:00.321
