
--- Job green_gen_run2055.gms Start 05/09/22 14:50:42 35.1.0 r82a9585 WEX-WEI x86 64bit/MS Windows
--- Applying:
    C:\GAMS\35\gmsprmNT.txt
--- GAMS Parameters defined
    Input C:\Users\vitoa\OneDrive\Desktop\Work\Matlab-GAMS\FinalTake\01\GreenGen\CO2Conc_input\Pulse2055\GreenGen\green_gen_run2055.gms
    PageWidth 80
    PageSize 0
    PageContr 3
    Action CE
    ScrDir C:\Users\vitoa\OneDrive\Desktop\Work\Matlab-GAMS\FinalTake\01\GreenGen\CO2Conc_input\Pulse2055\GreenGen\225a\
    SysDir C:\GAMS\35\
    WorkDir C:\Users\vitoa\OneDrive\Desktop\Work\Matlab-GAMS\FinalTake\01\GreenGen\CO2Conc_input\Pulse2055\GreenGen\
    LogOption 3
    DFormat 0
    TFormat 0
    ErrorLog 99
    IDE 1
    GDX C:\Users\vitoa\OneDrive\Desktop\Work\Matlab-GAMS\FinalTake\01\GreenGen\CO2Conc_input\Pulse2055\GreenGen\green2055pulse.gdx
Licensee: Large MUD - 20 User License                    S190529/0001AL-WIN
          Universitaet Hamburg, Exzellenzcluster CliSAP              DC5860
          C:\GAMS\35\gamslice.txt
GAMS 35.1.0   Copyright (C) 1987-2021 GAMS Development. All rights reserved
--- Starting compilation
--- green_gen_run2055.gms(37) 3 Mb
--- . GreenGenConcEmission2055.inc(621) 3 Mb
--- green_gen_run2055.gms(234) 3 Mb
--- Starting execution: elapsed 0:00:00.072
--- green_gen_run2055.gms(854) 4 Mb
--- Generating NLP model unfair
--- green_gen_run2055.gms(855) 9 Mb
---   9,438 rows  9,456 columns  29,524 non-zeroes
---   66,314 nl-code  6,694 nl-non-zeroes
--- green_gen_run2055.gms(855) 7 Mb
--- Executing CONOPT3 (Solvelink=2): elapsed 0:00:00.104

CONOPT 3         35.1.0 r82a9585 Released Apr 29, 2021 WEI x86 64bit/MS Window

 
 
    C O N O P T 3   version 3.17K
    Copyright (C)   ARKI Consulting and Development A/S
                    Bagsvaerdvej 246 A
                    DK-2880 Bagsvaerd, Denmark
 
 
   Iter Phase Ninf   Infeasibility   RGmax    NSB   Step InItr MX OK
      0   0        2.0931006777E+05 (Input point)
 
                   Pre-triangular equations:   9438
                   Post-triangular equations:  0
 
      1   0        0.0000000000E+00 (After pre-processing)
      2   0        0.0000000000E+00 (After scaling)
 
 ** Feasible solution. Value of objective =    42.0000000000
 
   Iter Phase Ninf     Objective     RGmax    NSB   Step InItr MX OK
      3   3        4.2000000000E+01 0.0E+00     0 0.0E+00    0 F  T
      4   3        4.2000000000E+01 0.0E+00     0
 
 ** Optimal solution. There are no superbasic variables.
 
--- Reading solution for model unfair
--- GDX File C:\Users\vitoa\OneDrive\Desktop\Work\Matlab-GAMS\FinalTake\01\GreenGen\CO2Conc_input\Pulse2055\GreenGen\green2055pulse.gdx
*** Status: Normal completion
--- Job green_gen_run2055.gms Stop 05/09/22 14:50:42 elapsed 0:00:00.260
