
--- Job Rcp6ConcToEmissionRun.gms Start 05/09/22 14:44:14 35.1.0 r82a9585 WEX-WEI x86 64bit/MS Windows
--- Applying:
    C:\GAMS\35\gmsprmNT.txt
--- GAMS Parameters defined
    Input C:\Users\vitoa\OneDrive\Desktop\Work\Matlab-GAMS\FinalTake\01\GreenGen\CO2Conc_input\Pulse2055\ConcentrationsToEmissions\Rcp6ConcToEmissionRun.gms
    PageWidth 80
    PageSize 0
    PageContr 3
    Action CE
    ScrDir C:\Users\vitoa\OneDrive\Desktop\Work\Matlab-GAMS\FinalTake\01\GreenGen\CO2Conc_input\Pulse2055\ConcentrationsToEmissions\225a\
    SysDir C:\GAMS\35\
    WorkDir C:\Users\vitoa\OneDrive\Desktop\Work\Matlab-GAMS\FinalTake\01\GreenGen\CO2Conc_input\Pulse2055\ConcentrationsToEmissions\
    LogOption 3
    DFormat 0
    TFormat 0
    ErrorLog 99
    IDE 1
    GDX C:\Users\vitoa\OneDrive\Desktop\Work\Matlab-GAMS\FinalTake\01\GreenGen\CO2Conc_input\Pulse2055\ConcentrationsToEmissions\constconc2055-2155run.gdx
Licensee: Large MUD - 20 User License                    S190529/0001AL-WIN
          Universitaet Hamburg, Exzellenzcluster CliSAP              DC5860
          C:\GAMS\35\gamslice.txt
GAMS 35.1.0   Copyright (C) 1987-2021 GAMS Development. All rights reserved
--- Starting compilation
--- Rcp6ConcToEmissionRun.gms(37) 3 Mb
--- . ConcentrationInput.inc(312) 3 Mb
--- Rcp6ConcToEmissionRun.gms(182) 3 Mb
--- Starting execution: elapsed 0:00:00.087
--- Rcp6ConcToEmissionRun.gms(493) 4 Mb
--- Generating NLP model unfair
--- Rcp6ConcToEmissionRun.gms(494) 7 Mb
---   4,582 rows  4,590 columns  15,266 non-zeroes
---   33,560 nl-code  4,272 nl-non-zeroes
--- Rcp6ConcToEmissionRun.gms(494) 5 Mb
--- Executing CONOPT3 (Solvelink=2): elapsed 0:00:00.103

CONOPT 3         35.1.0 r82a9585 Released Apr 29, 2021 WEI x86 64bit/MS Window

 
 
    C O N O P T 3   version 3.17K
    Copyright (C)   ARKI Consulting and Development A/S
                    Bagsvaerdvej 246 A
                    DK-2880 Bagsvaerd, Denmark
 
 
   Iter Phase Ninf   Infeasibility   RGmax    NSB   Step InItr MX OK
      0   0        3.2275689335E+04 (Input point)
 
                   Pre-triangular equations:   1837
                   Post-triangular equations:  0
                   Definitional equations:     1830
 
      1   0        3.1770738605E+04 (After pre-processing)
      2   0        4.9361216266E+02 (After scaling)
      3   1   607  4.4084913556E+02 5.5E+00    50 1.0E+00    3 T  T
      4   1   598  4.2018509759E+02 5.0E+00    47 1.0E+00    9 T  T
      5   1   585  4.0235510606E+02 3.3E+00    38 1.0E+00   13 T  T
      6   1   567  3.8599955995E+02 2.2E+00    25 1.0E+00   18 T  T
      7   1   544  3.7594425523E+02 3.9E+00    57 1.0E+00   23 T  T
      8   1   514  3.7441939115E+02 1.4E+00    34 1.0E+00   30 T  T
      9   1   485  3.6701768684E+02 1.5E+00    54 1.0E+00   29 T  T
 
   Iter Phase Ninf   Infeasibility   RGmax    NSB   Step InItr MX OK
     10   1   453  3.4179397214E+02 1.4E+00    75 1.0E+00   32 T  T
     11   1   413  3.3478704667E+02 1.1E+00    43 1.0E+00   40 T  T
     12   1   371  3.2407716725E+02 1.1E+00    53 1.0E+00   42 T  T
     13   1   324  3.1122385767E+02 1.1E+00    61 1.0E+00   47 T  T
     14   1   272  2.9920164287E+02 1.1E+00    64 1.0E+00   52 T  T
     15   1   215  2.4644307513E+02 1.0E+00    62 1.0E+00   57 T  T
     16   1   214  8.1513830935E+01 1.1E+00   105 1.0E+00   62 T  T
     17   1   213  6.6449536169E+01 3.5E+00   104 1.0E+00   72 T  T
     18   1   114  5.3461955413E+01 1.0E+00   103 1.0E+00   72 T  T
     19   1   113  2.8843551474E+00 2.0E-01   104 9.9E-01   70 T  T
 
   Iter Phase Ninf   Infeasibility   RGmax    NSB   Step InItr MX OK
     20   1    31  1.3173889433E+00 1.2E+00   103 1.0E+00   82 T  T
     21   1     9  5.7214107251E-02 1.8E-01    31 1.0E+00   22 T  T
     22   1     1  2.0548950448E-03 2.4E-02     9 1.0E+00    8 T  T
 
 ** Feasible solution. Value of objective =    42.0000000000
 
   Iter Phase Ninf     Objective     RGmax    NSB   Step InItr MX OK
     23   3        4.2000000000E+01 0.0E+00     0
 
 ** Optimal solution. There are no superbasic variables.
 
--- Reading solution for model unfair
--- GDX File C:\Users\vitoa\OneDrive\Desktop\Work\Matlab-GAMS\FinalTake\01\GreenGen\CO2Conc_input\Pulse2055\ConcentrationsToEmissions\constconc2055-2155run.gdx
*** Status: Normal completion
--- Job Rcp6ConcToEmissionRun.gms Stop 05/09/22 14:44:15 elapsed 0:00:00.471
