
--- Job Rcp6ConcToEmissionRun.gms Start 05/09/22 15:11:12 35.1.0 r82a9585 WEX-WEI x86 64bit/MS Windows
--- Applying:
    C:\GAMS\35\gmsprmNT.txt
--- GAMS Parameters defined
    Input C:\Users\vitoa\OneDrive\Desktop\Work\Matlab-GAMS\FinalTake\01\GreenGen\CO2Conc_input\Pulse2100\ConcentrationsToEmissions\Rcp6ConcToEmissionRun.gms
    PageWidth 80
    PageSize 0
    PageContr 3
    Action CE
    ScrDir C:\Users\vitoa\OneDrive\Desktop\Work\Matlab-GAMS\FinalTake\01\GreenGen\CO2Conc_input\Pulse2100\ConcentrationsToEmissions\225a\
    SysDir C:\GAMS\35\
    WorkDir C:\Users\vitoa\OneDrive\Desktop\Work\Matlab-GAMS\FinalTake\01\GreenGen\CO2Conc_input\Pulse2100\ConcentrationsToEmissions\
    LogOption 3
    DFormat 0
    TFormat 0
    ErrorLog 99
    IDE 1
    GDX C:\Users\vitoa\OneDrive\Desktop\Work\Matlab-GAMS\FinalTake\01\GreenGen\CO2Conc_input\Pulse2100\ConcentrationsToEmissions\constconc2100-2200run.gdx
Licensee: Large MUD - 20 User License                    S190529/0001AL-WIN
          Universitaet Hamburg, Exzellenzcluster CliSAP              DC5860
          C:\GAMS\35\gamslice.txt
GAMS 35.1.0   Copyright (C) 1987-2021 GAMS Development. All rights reserved
--- Starting compilation
--- Rcp6ConcToEmissionRun.gms(37) 3 Mb
--- . ConcentrationInput.inc(357) 3 Mb
--- Rcp6ConcToEmissionRun.gms(182) 3 Mb
--- Starting execution: elapsed 0:00:00.065
--- Rcp6ConcToEmissionRun.gms(538) 4 Mb
--- Generating NLP model unfair
--- Rcp6ConcToEmissionRun.gms(539) 8 Mb
---   5,257 rows  5,265 columns  17,516 non-zeroes
---   38,510 nl-code  4,902 nl-non-zeroes
--- Rcp6ConcToEmissionRun.gms(539) 6 Mb
--- Executing CONOPT3 (Solvelink=2): elapsed 0:00:00.084

CONOPT 3         35.1.0 r82a9585 Released Apr 29, 2021 WEI x86 64bit/MS Window

 
 
    C O N O P T 3   version 3.17K
    Copyright (C)   ARKI Consulting and Development A/S
                    Bagsvaerdvej 246 A
                    DK-2880 Bagsvaerd, Denmark
 
 
   Iter Phase Ninf   Infeasibility   RGmax    NSB   Step InItr MX OK
      0   0        6.3416455093E+04 (Input point)
 
                   Pre-triangular equations:   2107
                   Post-triangular equations:  0
                   Definitional equations:     2100
 
      1   0        6.2577793709E+04 (After pre-processing)
      2   0        5.6347104553E+02 (After scaling)
      3   1   697  5.1172342741E+02 5.5E+00    50 1.0E+00    3 T  T
      4   1   688  4.9139614333E+02 5.0E+00    47 1.0E+00    9 T  T
      5   1   675  4.7394845705E+02 3.3E+00    38 1.0E+00   13 T  T
      6   1   657  4.5793760869E+02 2.1E+00    25 1.0E+00   18 T  T
      7   1   634  4.4792575057E+02 3.9E+00    57 1.0E+00   23 T  T
      8   1   604  4.4640179420E+02 1.4E+00    34 1.0E+00   30 T  T
      9   1   575  4.3916678758E+02 1.5E+00    54 1.0E+00   29 T  T
 
   Iter Phase Ninf   Infeasibility   RGmax    NSB   Step InItr MX OK
     10   1   543  4.1767279778E+02 1.3E+00    75 1.0E+00   32 T  T
     11   1   503  4.1067554895E+02 1.1E+00    43 1.0E+00   40 T  T
     12   1   461  3.9948807853E+02 1.1E+00    53 1.0E+00   42 T  T
     13   1   414  3.8210191680E+02 1.1E+00    61 1.0E+00   47 T  T
     14   1   362  3.6480855495E+02 1.1E+00    64 1.0E+00   52 T  T
     15   1   305  3.4107972205E+02 1.1E+00    62 1.0E+00   57 T  T
     16   1   243  2.9445483490E+02 8.8E-01   105 1.0E+00   62 T  T
     17   1   242  1.2828885842E+02 9.1E-01    93 9.4E-01   67 T  T
     18   1   172  1.2349534933E+02 4.3E-01   149 1.0E+00   70 T  T
     19   1   171  1.6370418864E+01 1.8E-01    79 1.0E+00   77 T  T
 
   Iter Phase Ninf   Infeasibility   RGmax    NSB   Step InItr MX OK
     20   1   166  2.8201930858E+00 3.0E+00   128 9.9E-01   82 T  T
     21   1    70  2.6970095808E+00 1.7E+00   123 1.0E+00   96 T  T
     22   1    17  1.2608517457E-01 6.8E-02    67 1.0E+00   53 T  T
     23   1     2  4.6263411758E-03 2.5E-02    16 1.0E+00   15 T  T
 
 ** Feasible solution. Value of objective =    42.0000000000
 
   Iter Phase Ninf     Objective     RGmax    NSB   Step InItr MX OK
     24   3        4.2000000000E+01 0.0E+00     0
 
 ** Optimal solution. There are no superbasic variables.
 
--- Reading solution for model unfair
--- GDX File C:\Users\vitoa\OneDrive\Desktop\Work\Matlab-GAMS\FinalTake\01\GreenGen\CO2Conc_input\Pulse2100\ConcentrationsToEmissions\constconc2100-2200run.gdx
*** Status: Normal completion
--- Job Rcp6ConcToEmissionRun.gms Stop 05/09/22 15:11:13 elapsed 0:00:00.558
